[INFO]2023-07-11 09:48:35,404 - Starting VisitorServiceApplication using Java 1.8.0_372 on LAPTOP-CN7UMM8R with PID 28176 (E:\default\桌面\visitorServicePro\visitorService\target\classes started by 12036 in E:\default\桌面\visitorServicePro)
[INFO]2023-07-11 09:48:35,405 - No active profile set, falling back to 1 default profile: "default"
[INFO]2023-07-11 09:48:35,446 - Devtools property defaults active! Set 'spring.devtools.add-properties' to 'false' to disable
[INFO]2023-07-11 09:48:35,446 - For additional web related logging consider setting the 'logging.level.web' property to 'DEBUG'
[INFO]2023-07-11 09:48:36,101 - Bootstrapping Spring Data JPA repositories in DEFAULT mode.
[INFO]2023-07-11 09:48:36,121 - Finished Spring Data repository scanning in 8 ms. Found 0 JPA repository interfaces.
[INFO]2023-07-11 09:48:36,793 - Tomcat initialized with port(s): 8080 (http)
[INFO]2023-07-11 09:48:36,800 - Initializing ProtocolHandler ["http-nio-8080"]
[INFO]2023-07-11 09:48:36,802 - Starting service [Tomcat]
[INFO]2023-07-11 09:48:36,802 - Starting Servlet engine: [Apache Tomcat/9.0.76]
[INFO]2023-07-11 09:48:36,924 - Initializing Spring embedded WebApplicationContext
[INFO]2023-07-11 09:48:36,925 - Root WebApplicationContext: initialization completed in 1478 ms
[INFO]2023-07-11 09:48:37,081 - HikariPool-1 - Starting...
[INFO]2023-07-11 09:48:37,815 - HikariPool-1 - Start completed.
[INFO]2023-07-11 09:48:37,900 - HHH000412: Hibernate ORM core version 5.6.15.Final
[INFO]2023-07-11 09:48:38,041 - HCANN000001: Hibernate Commons Annotations {5.1.2.Final}
[INFO]2023-07-11 09:48:38,169 - HHH000400: Using dialect: org.hibernate.dialect.MySQL8Dialect
[INFO]2023-07-11 09:48:38,315 - HHH000490: Using JtaPlatform implementation: [org.hibernate.engine.transaction.jta.platform.internal.NoJtaPlatform]
[INFO]2023-07-11 09:48:38,328 - Initialized JPA EntityManagerFactory for persistence unit 'default'
[WARN]2023-07-11 09:48:38,720 - spring.jpa.open-in-view is enabled by default. Therefore, database queries may be performed during view rendering. Explicitly configure spring.jpa.open-in-view to disable this warning
[INFO]2023-07-11 09:48:39,093 - LiveReload server is running on port 35729
[INFO]2023-07-11 09:48:39,113 - Starting ProtocolHandler ["http-nio-8080"]
[INFO]2023-07-11 09:48:39,132 - Tomcat started on port(s): 8080 (http) with context path ''
[INFO]2023-07-11 09:48:39,155 - Started VisitorServiceApplication in 4.223 seconds (JVM running for 6.042)
[INFO]2023-07-11 09:49:18,664 - Initializing Spring DispatcherServlet 'dispatcherServlet'
[INFO]2023-07-11 09:49:18,664 - Initializing Servlet 'dispatcherServlet'
[INFO]2023-07-11 09:49:18,665 - Completed initialization in 1 ms
[WARN]2023-07-11 09:49:22,408 - Resolved [org.springframework.web.HttpRequestMethodNotSupportedException: Request method 'POST' not supported]
[WARN]2023-07-11 09:49:22,409 - Resolved [org.springframework.web.HttpRequestMethodNotSupportedException: Request method 'POST' not supported]
[WARN]2023-07-11 09:49:22,409 - Resolved [org.springframework.web.HttpRequestMethodNotSupportedException: Request method 'POST' not supported]
[WARN]2023-07-11 09:49:22,413 - Resolved [org.springframework.web.HttpRequestMethodNotSupportedException: Request method 'POST' not supported]
[WARN]2023-07-11 09:49:22,413 - Resolved [org.springframework.web.HttpRequestMethodNotSupportedException: Request method 'POST' not supported]
[WARN]2023-07-11 09:49:22,413 - Resolved [org.springframework.web.HttpRequestMethodNotSupportedException: Request method 'POST' not supported]
[WARN]2023-07-11 09:49:41,585 - Resolved [org.springframework.web.HttpRequestMethodNotSupportedException: Request method 'POST' not supported]
[WARN]2023-07-11 09:49:41,586 - Resolved [org.springframework.web.HttpRequestMethodNotSupportedException: Request method 'POST' not supported]
[WARN]2023-07-11 09:49:41,587 - Resolved [org.springframework.web.HttpRequestMethodNotSupportedException: Request method 'POST' not supported]
[WARN]2023-07-11 09:49:41,588 - Resolved [org.springframework.web.HttpRequestMethodNotSupportedException: Request method 'POST' not supported]
[WARN]2023-07-11 09:49:41,589 - Resolved [org.springframework.web.HttpRequestMethodNotSupportedException: Request method 'POST' not supported]
[WARN]2023-07-11 09:49:41,589 - Resolved [org.springframework.web.HttpRequestMethodNotSupportedException: Request method 'POST' not supported]
[WARN]2023-07-11 09:50:22,006 - Resolved [org.springframework.web.HttpRequestMethodNotSupportedException: Request method 'POST' not supported]
[WARN]2023-07-11 09:50:22,007 - Resolved [org.springframework.web.HttpRequestMethodNotSupportedException: Request method 'POST' not supported]
[WARN]2023-07-11 09:50:22,010 - Resolved [org.springframework.web.HttpRequestMethodNotSupportedException: Request method 'POST' not supported]
[WARN]2023-07-11 09:50:22,014 - Resolved [org.springframework.web.HttpRequestMethodNotSupportedException: Request method 'POST' not supported]
[WARN]2023-07-11 09:50:22,025 - Resolved [org.springframework.web.HttpRequestMethodNotSupportedException: Request method 'POST' not supported]
[WARN]2023-07-11 09:50:22,026 - Resolved [org.springframework.web.HttpRequestMethodNotSupportedException: Request method 'POST' not supported]
[WARN]2023-07-11 09:50:23,383 - Resolved [org.springframework.web.HttpRequestMethodNotSupportedException: Request method 'POST' not supported]
[WARN]2023-07-11 09:50:23,385 - Resolved [org.springframework.web.HttpRequestMethodNotSupportedException: Request method 'POST' not supported]
[WARN]2023-07-11 09:50:23,386 - Resolved [org.springframework.web.HttpRequestMethodNotSupportedException: Request method 'POST' not supported]
[WARN]2023-07-11 09:50:23,387 - Resolved [org.springframework.web.HttpRequestMethodNotSupportedException: Request method 'POST' not supported]
[WARN]2023-07-11 09:50:23,388 - Resolved [org.springframework.web.HttpRequestMethodNotSupportedException: Request method 'POST' not supported]
[WARN]2023-07-11 09:50:23,389 - Resolved [org.springframework.web.HttpRequestMethodNotSupportedException: Request method 'POST' not supported]
[INFO]2023-07-11 09:54:15,353 - Closing JPA EntityManagerFactory for persistence unit 'default'
[INFO]2023-07-11 09:54:15,356 - HikariPool-1 - Shutdown initiated...
[INFO]2023-07-11 09:54:15,365 - HikariPool-1 - Shutdown completed.
[INFO]2023-07-11 09:54:24,406 - Starting VisitorServiceApplication using Java 1.8.0_372 on LAPTOP-CN7UMM8R with PID 26528 (E:\default\桌面\visitorServicePro\visitorService\target\classes started by 12036 in E:\default\桌面\visitorServicePro)
[INFO]2023-07-11 09:54:24,407 - No active profile set, falling back to 1 default profile: "default"
[INFO]2023-07-11 09:54:24,442 - Devtools property defaults active! Set 'spring.devtools.add-properties' to 'false' to disable
[INFO]2023-07-11 09:54:24,442 - For additional web related logging consider setting the 'logging.level.web' property to 'DEBUG'
[INFO]2023-07-11 09:54:24,986 - Bootstrapping Spring Data JPA repositories in DEFAULT mode.
[INFO]2023-07-11 09:54:25,003 - Finished Spring Data repository scanning in 8 ms. Found 0 JPA repository interfaces.
[INFO]2023-07-11 09:54:25,623 - Tomcat initialized with port(s): 8080 (http)
[INFO]2023-07-11 09:54:25,629 - Initializing ProtocolHandler ["http-nio-8080"]
[INFO]2023-07-11 09:54:25,631 - Starting service [Tomcat]
[INFO]2023-07-11 09:54:25,631 - Starting Servlet engine: [Apache Tomcat/9.0.76]
[INFO]2023-07-11 09:54:25,736 - Initializing Spring embedded WebApplicationContext
[INFO]2023-07-11 09:54:25,736 - Root WebApplicationContext: initialization completed in 1294 ms
[INFO]2023-07-11 09:54:25,898 - HikariPool-1 - Starting...
[INFO]2023-07-11 09:54:26,720 - HikariPool-1 - Start completed.
[INFO]2023-07-11 09:54:26,782 - HHH000412: Hibernate ORM core version 5.6.15.Final
[INFO]2023-07-11 09:54:26,878 - HCANN000001: Hibernate Commons Annotations {5.1.2.Final}
[INFO]2023-07-11 09:54:26,966 - HHH000400: Using dialect: org.hibernate.dialect.MySQL8Dialect
[INFO]2023-07-11 09:54:27,075 - HHH000490: Using JtaPlatform implementation: [org.hibernate.engine.transaction.jta.platform.internal.NoJtaPlatform]
[INFO]2023-07-11 09:54:27,084 - Initialized JPA EntityManagerFactory for persistence unit 'default'
[WARN]2023-07-11 09:54:27,393 - spring.jpa.open-in-view is enabled by default. Therefore, database queries may be performed during view rendering. Explicitly configure spring.jpa.open-in-view to disable this warning
[INFO]2023-07-11 09:54:27,704 - LiveReload server is running on port 35729
[INFO]2023-07-11 09:54:27,720 - Starting ProtocolHandler ["http-nio-8080"]
[INFO]2023-07-11 09:54:27,738 - Tomcat started on port(s): 8080 (http) with context path ''
[INFO]2023-07-11 09:54:27,762 - Started VisitorServiceApplication in 3.737 seconds (JVM running for 5.562)
[INFO]2023-07-11 09:54:28,683 - Initializing Spring DispatcherServlet 'dispatcherServlet'
[INFO]2023-07-11 09:54:28,683 - Initializing Servlet 'dispatcherServlet'
[INFO]2023-07-11 09:54:28,684 - Completed initialization in 0 ms
[ERROR]2023-07-11 09:54:32,136 - Servlet.service() for servlet [dispatcherServlet] in context with path [] threw exception [Request processing failed; nested exception is org.mybatis.spring.MyBatisSystemException: nested exception is org.apache.ibatis.reflection.ReflectionException: There is no getter for property named 'pageable' in 'class com.sx.visitorService.DTO.RoomDTO'] with root cause
org.apache.ibatis.reflection.ReflectionException: There is no getter for property named 'pageable' in 'class com.sx.visitorService.DTO.RoomDTO'
	at org.apache.ibatis.reflection.Reflector.getGetInvoker(Reflector.java:387)
	at org.apache.ibatis.reflection.MetaClass.getGetInvoker(MetaClass.java:162)
	at org.apache.ibatis.reflection.wrapper.BeanWrapper.getBeanProperty(BeanWrapper.java:159)
	at org.apache.ibatis.reflection.wrapper.BeanWrapper.get(BeanWrapper.java:49)
	at org.apache.ibatis.reflection.MetaObject.getValue(MetaObject.java:116)
	at org.apache.ibatis.reflection.MetaObject.metaObjectForProperty(MetaObject.java:144)
	at org.apache.ibatis.reflection.MetaObject.getValue(MetaObject.java:118)
	at org.apache.ibatis.executor.BaseExecutor.createCacheKey(BaseExecutor.java:222)
	at org.apache.ibatis.executor.CachingExecutor.createCacheKey(CachingExecutor.java:149)
	at org.apache.ibatis.executor.CachingExecutor.query(CachingExecutor.java:89)
	at org.apache.ibatis.session.defaults.DefaultSqlSession.selectList(DefaultSqlSession.java:154)
	at org.apache.ibatis.session.defaults.DefaultSqlSession.selectList(DefaultSqlSession.java:147)
	at org.apache.ibatis.session.defaults.DefaultSqlSession.selectList(DefaultSqlSession.java:142)
	at sun.reflect.NativeMethodAccessorImpl.invoke0(Native Method)
	at sun.reflect.NativeMethodAccessorImpl.invoke(NativeMethodAccessorImpl.java:62)
	at sun.reflect.DelegatingMethodAccessorImpl.invoke(DelegatingMethodAccessorImpl.java:43)
	at java.lang.reflect.Method.invoke(Method.java:498)
	at org.mybatis.spring.SqlSessionTemplate$SqlSessionInterceptor.invoke(SqlSessionTemplate.java:425)
	at com.sun.proxy.$Proxy93.selectList(Unknown Source)
	at org.mybatis.spring.SqlSessionTemplate.selectList(SqlSessionTemplate.java:224)
	at org.apache.ibatis.binding.MapperMethod.executeForMany(MapperMethod.java:147)
	at org.apache.ibatis.binding.MapperMethod.execute(MapperMethod.java:80)
	at org.apache.ibatis.binding.MapperProxy$PlainMethodInvoker.invoke(MapperProxy.java:142)
	at org.apache.ibatis.binding.MapperProxy.invoke(MapperProxy.java:86)
	at com.sun.proxy.$Proxy98.queryAllByLimit(Unknown Source)
	at com.sx.visitorService.service.impl.RoomServiceImpl.queryByPage(RoomServiceImpl.java:48)
	at com.sx.visitorService.controller.RoomController.queryByPage(RoomController.java:42)
	at com.sx.visitorService.controller.RoomController$$FastClassBySpringCGLIB$$f5d8733e.invoke(<generated>)
	at org.springframework.cglib.proxy.MethodProxy.invoke(MethodProxy.java:218)
	at org.springframework.aop.framework.CglibAopProxy$CglibMethodInvocation.invokeJoinpoint(CglibAopProxy.java:793)
	at org.springframework.aop.framework.ReflectiveMethodInvocation.proceed(ReflectiveMethodInvocation.java:163)
	at org.springframework.aop.framework.CglibAopProxy$CglibMethodInvocation.proceed(CglibAopProxy.java:763)
	at org.springframework.aop.aspectj.MethodInvocationProceedingJoinPoint.proceed(MethodInvocationProceedingJoinPoint.java:89)
	at com.sx.visitorService.aop.AroundCut.checkSession(AroundCut.java:40)
	at sun.reflect.NativeMethodAccessorImpl.invoke0(Native Method)
	at sun.reflect.NativeMethodAccessorImpl.invoke(NativeMethodAccessorImpl.java:62)
	at sun.reflect.DelegatingMethodAccessorImpl.invoke(DelegatingMethodAccessorImpl.java:43)
	at java.lang.reflect.Method.invoke(Method.java:498)
	at org.springframework.aop.aspectj.AbstractAspectJAdvice.invokeAdviceMethodWithGivenArgs(AbstractAspectJAdvice.java:634)
	at org.springframework.aop.aspectj.AbstractAspectJAdvice.invokeAdviceMethod(AbstractAspectJAdvice.java:624)
	at org.springframework.aop.aspectj.AspectJAroundAdvice.invoke(AspectJAroundAdvice.java:72)
	at org.springframework.aop.framework.ReflectiveMethodInvocation.proceed(ReflectiveMethodInvocation.java:186)
	at org.springframework.aop.framework.CglibAopProxy$CglibMethodInvocation.proceed(CglibAopProxy.java:763)
	at org.springframework.aop.interceptor.ExposeInvocationInterceptor.invoke(ExposeInvocationInterceptor.java:97)
	at org.springframework.aop.framework.ReflectiveMethodInvocation.proceed(ReflectiveMethodInvocation.java:186)
	at org.springframework.aop.framework.CglibAopProxy$CglibMethodInvocation.proceed(CglibAopProxy.java:763)
	at org.springframework.aop.framework.CglibAopProxy$DynamicAdvisedInterceptor.intercept(CglibAopProxy.java:708)
	at com.sx.visitorService.controller.RoomController$$EnhancerBySpringCGLIB$$5eee81a2.queryByPage(<generated>)
	at sun.reflect.NativeMethodAccessorImpl.invoke0(Native Method)
	at sun.reflect.NativeMethodAccessorImpl.invoke(NativeMethodAccessorImpl.java:62)
	at sun.reflect.DelegatingMethodAccessorImpl.invoke(DelegatingMethodAccessorImpl.java:43)
	at java.lang.reflect.Method.invoke(Method.java:498)
	at org.springframework.web.method.support.InvocableHandlerMethod.doInvoke(InvocableHandlerMethod.java:205)
	at org.springframework.web.method.support.InvocableHandlerMethod.invokeForRequest(InvocableHandlerMethod.java:150)
	at org.springframework.web.servlet.mvc.method.annotation.ServletInvocableHandlerMethod.invokeAndHandle(ServletInvocableHandlerMethod.java:117)
	at org.springframework.web.servlet.mvc.method.annotation.RequestMappingHandlerAdapter.invokeHandlerMethod(RequestMappingHandlerAdapter.java:895)
	at org.springframework.web.servlet.mvc.method.annotation.RequestMappingHandlerAdapter.handleInternal(RequestMappingHandlerAdapter.java:808)
	at org.springframework.web.servlet.mvc.method.AbstractHandlerMethodAdapter.handle(AbstractHandlerMethodAdapter.java:87)
	at org.springframework.web.servlet.DispatcherServlet.doDispatch(DispatcherServlet.java:1072)
	at org.springframework.web.servlet.DispatcherServlet.doService(DispatcherServlet.java:965)
	at org.springframework.web.servlet.FrameworkServlet.processRequest(FrameworkServlet.java:1006)
	at org.springframework.web.servlet.FrameworkServlet.doPost(FrameworkServlet.java:909)
	at javax.servlet.http.HttpServlet.service(HttpServlet.java:555)
	at org.springframework.web.servlet.FrameworkServlet.service(FrameworkServlet.java:883)
	at javax.servlet.http.HttpServlet.service(HttpServlet.java:623)
	at org.apache.catalina.core.ApplicationFilterChain.internalDoFilter(ApplicationFilterChain.java:209)
	at org.apache.catalina.core.ApplicationFilterChain.doFilter(ApplicationFilterChain.java:153)
	at org.apache.tomcat.websocket.server.WsFilter.doFilter(WsFilter.java:51)
	at org.apache.catalina.core.ApplicationFilterChain.internalDoFilter(ApplicationFilterChain.java:178)
	at org.apache.catalina.core.ApplicationFilterChain.doFilter(ApplicationFilterChain.java:153)
	at org.springframework.web.filter.RequestContextFilter.doFilterInternal(RequestContextFilter.java:100)
	at org.springframework.web.filter.OncePerRequestFilter.doFilter(OncePerRequestFilter.java:117)
	at org.apache.catalina.core.ApplicationFilterChain.internalDoFilter(ApplicationFilterChain.java:178)
	at org.apache.catalina.core.ApplicationFilterChain.doFilter(ApplicationFilterChain.java:153)
	at org.springframework.web.filter.FormContentFilter.doFilterInternal(FormContentFilter.java:93)
	at org.springframework.web.filter.OncePerRequestFilter.doFilter(OncePerRequestFilter.java:117)
	at org.apache.catalina.core.ApplicationFilterChain.internalDoFilter(ApplicationFilterChain.java:178)
	at org.apache.catalina.core.ApplicationFilterChain.doFilter(ApplicationFilterChain.java:153)
	at javax.servlet.http.HttpFilter.doFilter(HttpFilter.java:85)
	at com.sx.visitorService.config.CorsFilter.doFilter(CorsFilter.java:60)
	at javax.servlet.http.HttpFilter.doFilter(HttpFilter.java:53)
	at org.apache.catalina.core.ApplicationFilterChain.internalDoFilter(ApplicationFilterChain.java:178)
	at org.apache.catalina.core.ApplicationFilterChain.doFilter(ApplicationFilterChain.java:153)
	at org.springframework.web.filter.CharacterEncodingFilter.doFilterInternal(CharacterEncodingFilter.java:201)
	at org.springframework.web.filter.OncePerRequestFilter.doFilter(OncePerRequestFilter.java:117)
	at org.apache.catalina.core.ApplicationFilterChain.internalDoFilter(ApplicationFilterChain.java:178)
	at org.apache.catalina.core.ApplicationFilterChain.doFilter(ApplicationFilterChain.java:153)
	at org.apache.catalina.core.StandardWrapperValve.invoke(StandardWrapperValve.java:167)
	at org.apache.catalina.core.StandardContextValve.invoke(StandardContextValve.java:90)
	at org.apache.catalina.authenticator.AuthenticatorBase.invoke(AuthenticatorBase.java:481)
	at org.apache.catalina.core.StandardHostValve.invoke(StandardHostValve.java:130)
	at org.apache.catalina.valves.ErrorReportValve.invoke(ErrorReportValve.java:93)
	at org.apache.catalina.core.StandardEngineValve.invoke(StandardEngineValve.java:74)
	at org.apache.catalina.connector.CoyoteAdapter.service(CoyoteAdapter.java:343)
	at org.apache.coyote.http11.Http11Processor.service(Http11Processor.java:390)
	at org.apache.coyote.AbstractProcessorLight.process(AbstractProcessorLight.java:63)
	at org.apache.coyote.AbstractProtocol$ConnectionHandler.process(AbstractProtocol.java:926)
	at org.apache.tomcat.util.net.NioEndpoint$SocketProcessor.doRun(NioEndpoint.java:1791)
	at org.apache.tomcat.util.net.SocketProcessorBase.run(SocketProcessorBase.java:52)
	at org.apache.tomcat.util.threads.ThreadPoolExecutor.runWorker(ThreadPoolExecutor.java:1191)
	at org.apache.tomcat.util.threads.ThreadPoolExecutor$Worker.run(ThreadPoolExecutor.java:659)
	at org.apache.tomcat.util.threads.TaskThread$WrappingRunnable.run(TaskThread.java:61)
	at java.lang.Thread.run(Thread.java:750)
[INFO]2023-07-11 09:58:33,153 - Closing JPA EntityManagerFactory for persistence unit 'default'
[INFO]2023-07-11 09:58:33,156 - HikariPool-1 - Shutdown initiated...
[INFO]2023-07-11 09:58:33,162 - HikariPool-1 - Shutdown completed.
[INFO]2023-07-11 10:00:36,710 - Starting VisitorServiceApplication using Java 1.8.0_372 on LAPTOP-CN7UMM8R with PID 10696 (E:\default\桌面\visitorServicePro\visitorService\target\classes started by 12036 in E:\default\桌面\visitorServicePro)
[INFO]2023-07-11 10:00:36,711 - No active profile set, falling back to 1 default profile: "default"
[INFO]2023-07-11 10:00:36,766 - Devtools property defaults active! Set 'spring.devtools.add-properties' to 'false' to disable
[INFO]2023-07-11 10:00:36,767 - For additional web related logging consider setting the 'logging.level.web' property to 'DEBUG'
[INFO]2023-07-11 10:00:37,405 - Bootstrapping Spring Data JPA repositories in DEFAULT mode.
[INFO]2023-07-11 10:00:37,425 - Finished Spring Data repository scanning in 10 ms. Found 0 JPA repository interfaces.
[INFO]2023-07-11 10:00:38,160 - Tomcat initialized with port(s): 8080 (http)
[INFO]2023-07-11 10:00:38,168 - Initializing ProtocolHandler ["http-nio-8080"]
[INFO]2023-07-11 10:00:38,171 - Starting service [Tomcat]
[INFO]2023-07-11 10:00:38,171 - Starting Servlet engine: [Apache Tomcat/9.0.76]
[INFO]2023-07-11 10:00:38,310 - Initializing Spring embedded WebApplicationContext
[INFO]2023-07-11 10:00:38,311 - Root WebApplicationContext: initialization completed in 1544 ms
[INFO]2023-07-11 10:00:38,487 - HikariPool-1 - Starting...
[INFO]2023-07-11 10:00:38,962 - Starting VisitorServiceApplication using Java 1.8.0_372 on LAPTOP-CN7UMM8R with PID 21864 (E:\default\桌面\visitorServicePro\visitorService\target\classes started by 12036 in E:\default\桌面\visitorServicePro)
[INFO]2023-07-11 10:00:38,962 - No active profile set, falling back to 1 default profile: "default"
[INFO]2023-07-11 10:00:38,998 - Devtools property defaults active! Set 'spring.devtools.add-properties' to 'false' to disable
[INFO]2023-07-11 10:00:38,998 - For additional web related logging consider setting the 'logging.level.web' property to 'DEBUG'
[INFO]2023-07-11 10:00:39,285 - HikariPool-1 - Start completed.
[INFO]2023-07-11 10:00:39,376 - HHH000412: Hibernate ORM core version 5.6.15.Final
[INFO]2023-07-11 10:00:39,534 - HCANN000001: Hibernate Commons Annotations {5.1.2.Final}
[INFO]2023-07-11 10:00:39,578 - Bootstrapping Spring Data JPA repositories in DEFAULT mode.
[INFO]2023-07-11 10:00:39,597 - Finished Spring Data repository scanning in 9 ms. Found 0 JPA repository interfaces.
[INFO]2023-07-11 10:00:39,669 - HHH000400: Using dialect: org.hibernate.dialect.MySQL8Dialect
[INFO]2023-07-11 10:00:39,836 - HHH000490: Using JtaPlatform implementation: [org.hibernate.engine.transaction.jta.platform.internal.NoJtaPlatform]
[INFO]2023-07-11 10:00:39,851 - Initialized JPA EntityManagerFactory for persistence unit 'default'
[INFO]2023-07-11 10:00:40,249 - Tomcat initialized with port(s): 8080 (http)
[INFO]2023-07-11 10:00:40,255 - Initializing ProtocolHandler ["http-nio-8080"]
[WARN]2023-07-11 10:00:40,255 - spring.jpa.open-in-view is enabled by default. Therefore, database queries may be performed during view rendering. Explicitly configure spring.jpa.open-in-view to disable this warning
[INFO]2023-07-11 10:00:40,257 - Starting service [Tomcat]
[INFO]2023-07-11 10:00:40,257 - Starting Servlet engine: [Apache Tomcat/9.0.76]
[INFO]2023-07-11 10:00:40,383 - Initializing Spring embedded WebApplicationContext
[INFO]2023-07-11 10:00:40,383 - Root WebApplicationContext: initialization completed in 1384 ms
[INFO]2023-07-11 10:00:40,537 - HikariPool-1 - Starting...
[INFO]2023-07-11 10:00:40,648 - LiveReload server is running on port 35729
[INFO]2023-07-11 10:00:40,672 - Starting ProtocolHandler ["http-nio-8080"]
[INFO]2023-07-11 10:00:40,694 - Tomcat started on port(s): 8080 (http) with context path ''
[INFO]2023-07-11 10:00:40,728 - Started VisitorServiceApplication in 4.578 seconds (JVM running for 6.851)
[INFO]2023-07-11 10:00:41,279 - HikariPool-1 - Start completed.
[INFO]2023-07-11 10:00:41,346 - HHH000412: Hibernate ORM core version 5.6.15.Final
[INFO]2023-07-11 10:00:41,458 - HCANN000001: Hibernate Commons Annotations {5.1.2.Final}
[INFO]2023-07-11 10:00:41,570 - HHH000400: Using dialect: org.hibernate.dialect.MySQL8Dialect
[INFO]2023-07-11 10:00:41,679 - HHH000490: Using JtaPlatform implementation: [org.hibernate.engine.transaction.jta.platform.internal.NoJtaPlatform]
[INFO]2023-07-11 10:00:41,688 - Initialized JPA EntityManagerFactory for persistence unit 'default'
[WARN]2023-07-11 10:00:41,993 - spring.jpa.open-in-view is enabled by default. Therefore, database queries may be performed during view rendering. Explicitly configure spring.jpa.open-in-view to disable this warning
[WARN]2023-07-11 10:00:42,317 - Unable to start LiveReload server
[INFO]2023-07-11 10:00:42,338 - Starting ProtocolHandler ["http-nio-8080"]
[WARN]2023-07-11 10:00:42,343 - Exception encountered during context initialization - cancelling refresh attempt: org.springframework.context.ApplicationContextException: Failed to start bean 'webServerStartStop'; nested exception is org.springframework.boot.web.server.PortInUseException: Port 8080 is already in use
[INFO]2023-07-11 10:00:42,346 - Closing JPA EntityManagerFactory for persistence unit 'default'
[INFO]2023-07-11 10:00:42,350 - HikariPool-1 - Shutdown initiated...
[INFO]2023-07-11 10:00:42,618 - HikariPool-1 - Shutdown completed.
[INFO]2023-07-11 10:00:42,620 - Pausing ProtocolHandler ["http-nio-8080"]
[INFO]2023-07-11 10:00:42,620 - Stopping service [Tomcat]
[INFO]2023-07-11 10:00:42,624 - Stopping ProtocolHandler ["http-nio-8080"]
[INFO]2023-07-11 10:00:42,625 - Destroying ProtocolHandler ["http-nio-8080"]
[ERROR]2023-07-11 10:00:42,659 - 

***************************
APPLICATION FAILED TO START
***************************

Description:

Web server failed to start. Port 8080 was already in use.

Action:

Identify and stop the process that's listening on port 8080 or configure this application to listen on another port.

[INFO]2023-07-11 10:00:50,313 - Closing JPA EntityManagerFactory for persistence unit 'default'
[INFO]2023-07-11 10:00:50,315 - HikariPool-1 - Shutdown initiated...
[INFO]2023-07-11 10:00:50,322 - HikariPool-1 - Shutdown completed.
[INFO]2023-07-11 10:00:53,983 - Starting VisitorServiceApplication using Java 1.8.0_372 on LAPTOP-CN7UMM8R with PID 23644 (E:\default\桌面\visitorServicePro\visitorService\target\classes started by 12036 in E:\default\桌面\visitorServicePro)
[INFO]2023-07-11 10:00:53,984 - No active profile set, falling back to 1 default profile: "default"
[INFO]2023-07-11 10:00:54,021 - Devtools property defaults active! Set 'spring.devtools.add-properties' to 'false' to disable
[INFO]2023-07-11 10:00:54,021 - For additional web related logging consider setting the 'logging.level.web' property to 'DEBUG'
[INFO]2023-07-11 10:00:54,528 - Bootstrapping Spring Data JPA repositories in DEFAULT mode.
[INFO]2023-07-11 10:00:54,544 - Finished Spring Data repository scanning in 8 ms. Found 0 JPA repository interfaces.
[INFO]2023-07-11 10:00:55,094 - Tomcat initialized with port(s): 8080 (http)
[INFO]2023-07-11 10:00:55,100 - Initializing ProtocolHandler ["http-nio-8080"]
[INFO]2023-07-11 10:00:55,101 - Starting service [Tomcat]
[INFO]2023-07-11 10:00:55,101 - Starting Servlet engine: [Apache Tomcat/9.0.76]
[INFO]2023-07-11 10:00:55,217 - Initializing Spring embedded WebApplicationContext
[INFO]2023-07-11 10:00:55,217 - Root WebApplicationContext: initialization completed in 1195 ms
[INFO]2023-07-11 10:00:55,338 - HikariPool-1 - Starting...
[INFO]2023-07-11 10:00:56,492 - HikariPool-1 - Start completed.
[INFO]2023-07-11 10:00:56,553 - HHH000412: Hibernate ORM core version 5.6.15.Final
[INFO]2023-07-11 10:00:56,645 - HCANN000001: Hibernate Commons Annotations {5.1.2.Final}
[INFO]2023-07-11 10:00:56,730 - HHH000400: Using dialect: org.hibernate.dialect.MySQL8Dialect
[INFO]2023-07-11 10:00:56,839 - HHH000490: Using JtaPlatform implementation: [org.hibernate.engine.transaction.jta.platform.internal.NoJtaPlatform]
[INFO]2023-07-11 10:00:56,847 - Initialized JPA EntityManagerFactory for persistence unit 'default'
[WARN]2023-07-11 10:00:57,147 - spring.jpa.open-in-view is enabled by default. Therefore, database queries may be performed during view rendering. Explicitly configure spring.jpa.open-in-view to disable this warning
[INFO]2023-07-11 10:00:57,451 - LiveReload server is running on port 35729
[INFO]2023-07-11 10:00:57,468 - Starting ProtocolHandler ["http-nio-8080"]
[INFO]2023-07-11 10:00:57,483 - Tomcat started on port(s): 8080 (http) with context path ''
[INFO]2023-07-11 10:00:57,501 - Started VisitorServiceApplication in 3.933 seconds (JVM running for 5.6)
[INFO]2023-07-11 10:01:08,960 - Initializing Spring DispatcherServlet 'dispatcherServlet'
[INFO]2023-07-11 10:01:08,960 - Initializing Servlet 'dispatcherServlet'
[INFO]2023-07-11 10:01:08,961 - Completed initialization in 1 ms
[INFO]2023-07-11 10:10:23,486 - Closing JPA EntityManagerFactory for persistence unit 'default'
[INFO]2023-07-11 10:10:23,488 - HikariPool-1 - Shutdown initiated...
[INFO]2023-07-11 10:10:23,497 - HikariPool-1 - Shutdown completed.
[INFO]2023-07-11 10:10:33,259 - Starting VisitorServiceApplication using Java 1.8.0_372 on LAPTOP-CN7UMM8R with PID 24324 (E:\default\桌面\visitorServicePro\visitorService\target\classes started by 12036 in E:\default\桌面\visitorServicePro)
[INFO]2023-07-11 10:10:33,260 - No active profile set, falling back to 1 default profile: "default"
[INFO]2023-07-11 10:10:33,305 - Devtools property defaults active! Set 'spring.devtools.add-properties' to 'false' to disable
[INFO]2023-07-11 10:10:33,305 - For additional web related logging consider setting the 'logging.level.web' property to 'DEBUG'
[INFO]2023-07-11 10:10:33,947 - Bootstrapping Spring Data JPA repositories in DEFAULT mode.
[INFO]2023-07-11 10:10:33,966 - Finished Spring Data repository scanning in 10 ms. Found 0 JPA repository interfaces.
[INFO]2023-07-11 10:10:34,586 - Tomcat initialized with port(s): 8080 (http)
[INFO]2023-07-11 10:10:34,593 - Initializing ProtocolHandler ["http-nio-8080"]
[INFO]2023-07-11 10:10:34,595 - Starting service [Tomcat]
[INFO]2023-07-11 10:10:34,595 - Starting Servlet engine: [Apache Tomcat/9.0.76]
[INFO]2023-07-11 10:10:34,728 - Initializing Spring embedded WebApplicationContext
[INFO]2023-07-11 10:10:34,728 - Root WebApplicationContext: initialization completed in 1422 ms
[INFO]2023-07-11 10:10:34,878 - HikariPool-1 - Starting...
[INFO]2023-07-11 10:10:35,694 - HikariPool-1 - Start completed.
[INFO]2023-07-11 10:10:35,754 - HHH000412: Hibernate ORM core version 5.6.15.Final
[INFO]2023-07-11 10:10:35,844 - HCANN000001: Hibernate Commons Annotations {5.1.2.Final}
[INFO]2023-07-11 10:10:35,924 - HHH000400: Using dialect: org.hibernate.dialect.MySQL8Dialect
[INFO]2023-07-11 10:10:36,030 - HHH000490: Using JtaPlatform implementation: [org.hibernate.engine.transaction.jta.platform.internal.NoJtaPlatform]
[INFO]2023-07-11 10:10:36,039 - Initialized JPA EntityManagerFactory for persistence unit 'default'
[WARN]2023-07-11 10:10:36,347 - spring.jpa.open-in-view is enabled by default. Therefore, database queries may be performed during view rendering. Explicitly configure spring.jpa.open-in-view to disable this warning
[INFO]2023-07-11 10:10:36,653 - LiveReload server is running on port 35729
[INFO]2023-07-11 10:10:36,671 - Starting ProtocolHandler ["http-nio-8080"]
[INFO]2023-07-11 10:10:36,688 - Tomcat started on port(s): 8080 (http) with context path ''
[INFO]2023-07-11 10:10:36,707 - Started VisitorServiceApplication in 3.885 seconds (JVM running for 5.61)
[INFO]2023-07-11 10:10:36,747 - Initializing Spring DispatcherServlet 'dispatcherServlet'
[INFO]2023-07-11 10:10:36,747 - Initializing Servlet 'dispatcherServlet'
[INFO]2023-07-11 10:10:36,748 - Completed initialization in 1 ms
[ERROR]2023-07-11 10:11:28,080 - Servlet.service() for servlet [dispatcherServlet] in context with path [] threw exception [Request processing failed; nested exception is org.mybatis.spring.MyBatisSystemException: nested exception is org.apache.ibatis.reflection.ReflectionException: There is no getter for property named 'pageable' in 'class com.sx.visitorService.DTO.RoomDTO'] with root cause
org.apache.ibatis.reflection.ReflectionException: There is no getter for property named 'pageable' in 'class com.sx.visitorService.DTO.RoomDTO'
	at org.apache.ibatis.reflection.Reflector.getGetInvoker(Reflector.java:387)
	at org.apache.ibatis.reflection.MetaClass.getGetInvoker(MetaClass.java:162)
	at org.apache.ibatis.reflection.wrapper.BeanWrapper.getBeanProperty(BeanWrapper.java:159)
	at org.apache.ibatis.reflection.wrapper.BeanWrapper.get(BeanWrapper.java:49)
	at org.apache.ibatis.reflection.MetaObject.getValue(MetaObject.java:116)
	at org.apache.ibatis.reflection.MetaObject.metaObjectForProperty(MetaObject.java:144)
	at org.apache.ibatis.reflection.MetaObject.getValue(MetaObject.java:118)
	at org.apache.ibatis.executor.BaseExecutor.createCacheKey(BaseExecutor.java:222)
	at org.apache.ibatis.executor.CachingExecutor.createCacheKey(CachingExecutor.java:149)
	at org.apache.ibatis.executor.CachingExecutor.query(CachingExecutor.java:89)
	at org.apache.ibatis.session.defaults.DefaultSqlSession.selectList(DefaultSqlSession.java:154)
	at org.apache.ibatis.session.defaults.DefaultSqlSession.selectList(DefaultSqlSession.java:147)
	at org.apache.ibatis.session.defaults.DefaultSqlSession.selectList(DefaultSqlSession.java:142)
	at sun.reflect.NativeMethodAccessorImpl.invoke0(Native Method)
	at sun.reflect.NativeMethodAccessorImpl.invoke(NativeMethodAccessorImpl.java:62)
	at sun.reflect.DelegatingMethodAccessorImpl.invoke(DelegatingMethodAccessorImpl.java:43)
	at java.lang.reflect.Method.invoke(Method.java:498)
	at org.mybatis.spring.SqlSessionTemplate$SqlSessionInterceptor.invoke(SqlSessionTemplate.java:425)
	at com.sun.proxy.$Proxy93.selectList(Unknown Source)
	at org.mybatis.spring.SqlSessionTemplate.selectList(SqlSessionTemplate.java:224)
	at org.apache.ibatis.binding.MapperMethod.executeForMany(MapperMethod.java:147)
	at org.apache.ibatis.binding.MapperMethod.execute(MapperMethod.java:80)
	at org.apache.ibatis.binding.MapperProxy$PlainMethodInvoker.invoke(MapperProxy.java:142)
	at org.apache.ibatis.binding.MapperProxy.invoke(MapperProxy.java:86)
	at com.sun.proxy.$Proxy98.queryAllByLimit(Unknown Source)
	at com.sx.visitorService.service.impl.RoomServiceImpl.queryByPage(RoomServiceImpl.java:48)
	at com.sx.visitorService.controller.RoomController.queryByPage(RoomController.java:42)
	at com.sx.visitorService.controller.RoomController$$FastClassBySpringCGLIB$$f5d8733e.invoke(<generated>)
	at org.springframework.cglib.proxy.MethodProxy.invoke(MethodProxy.java:218)
	at org.springframework.aop.framework.CglibAopProxy$CglibMethodInvocation.invokeJoinpoint(CglibAopProxy.java:793)
	at org.springframework.aop.framework.ReflectiveMethodInvocation.proceed(ReflectiveMethodInvocation.java:163)
	at org.springframework.aop.framework.CglibAopProxy$CglibMethodInvocation.proceed(CglibAopProxy.java:763)
	at org.springframework.aop.aspectj.MethodInvocationProceedingJoinPoint.proceed(MethodInvocationProceedingJoinPoint.java:89)
	at com.sx.visitorService.aop.AroundCut.checkSession(AroundCut.java:40)
	at sun.reflect.NativeMethodAccessorImpl.invoke0(Native Method)
	at sun.reflect.NativeMethodAccessorImpl.invoke(NativeMethodAccessorImpl.java:62)
	at sun.reflect.DelegatingMethodAccessorImpl.invoke(DelegatingMethodAccessorImpl.java:43)
	at java.lang.reflect.Method.invoke(Method.java:498)
	at org.springframework.aop.aspectj.AbstractAspectJAdvice.invokeAdviceMethodWithGivenArgs(AbstractAspectJAdvice.java:634)
	at org.springframework.aop.aspectj.AbstractAspectJAdvice.invokeAdviceMethod(AbstractAspectJAdvice.java:624)
	at org.springframework.aop.aspectj.AspectJAroundAdvice.invoke(AspectJAroundAdvice.java:72)
	at org.springframework.aop.framework.ReflectiveMethodInvocation.proceed(ReflectiveMethodInvocation.java:186)
	at org.springframework.aop.framework.CglibAopProxy$CglibMethodInvocation.proceed(CglibAopProxy.java:763)
	at org.springframework.aop.interceptor.ExposeInvocationInterceptor.invoke(ExposeInvocationInterceptor.java:97)
	at org.springframework.aop.framework.ReflectiveMethodInvocation.proceed(ReflectiveMethodInvocation.java:186)
	at org.springframework.aop.framework.CglibAopProxy$CglibMethodInvocation.proceed(CglibAopProxy.java:763)
	at org.springframework.aop.framework.CglibAopProxy$DynamicAdvisedInterceptor.intercept(CglibAopProxy.java:708)
	at com.sx.visitorService.controller.RoomController$$EnhancerBySpringCGLIB$$dbaeb8fa.queryByPage(<generated>)
	at sun.reflect.NativeMethodAccessorImpl.invoke0(Native Method)
	at sun.reflect.NativeMethodAccessorImpl.invoke(NativeMethodAccessorImpl.java:62)
	at sun.reflect.DelegatingMethodAccessorImpl.invoke(DelegatingMethodAccessorImpl.java:43)
	at java.lang.reflect.Method.invoke(Method.java:498)
	at org.springframework.web.method.support.InvocableHandlerMethod.doInvoke(InvocableHandlerMethod.java:205)
	at org.springframework.web.method.support.InvocableHandlerMethod.invokeForRequest(InvocableHandlerMethod.java:150)
	at org.springframework.web.servlet.mvc.method.annotation.ServletInvocableHandlerMethod.invokeAndHandle(ServletInvocableHandlerMethod.java:117)
	at org.springframework.web.servlet.mvc.method.annotation.RequestMappingHandlerAdapter.invokeHandlerMethod(RequestMappingHandlerAdapter.java:895)
	at org.springframework.web.servlet.mvc.method.annotation.RequestMappingHandlerAdapter.handleInternal(RequestMappingHandlerAdapter.java:808)
	at org.springframework.web.servlet.mvc.method.AbstractHandlerMethodAdapter.handle(AbstractHandlerMethodAdapter.java:87)
	at org.springframework.web.servlet.DispatcherServlet.doDispatch(DispatcherServlet.java:1072)
	at org.springframework.web.servlet.DispatcherServlet.doService(DispatcherServlet.java:965)
	at org.springframework.web.servlet.FrameworkServlet.processRequest(FrameworkServlet.java:1006)
	at org.springframework.web.servlet.FrameworkServlet.doPost(FrameworkServlet.java:909)
	at javax.servlet.http.HttpServlet.service(HttpServlet.java:555)
	at org.springframework.web.servlet.FrameworkServlet.service(FrameworkServlet.java:883)
	at javax.servlet.http.HttpServlet.service(HttpServlet.java:623)
	at org.apache.catalina.core.ApplicationFilterChain.internalDoFilter(ApplicationFilterChain.java:209)
	at org.apache.catalina.core.ApplicationFilterChain.doFilter(ApplicationFilterChain.java:153)
	at org.apache.tomcat.websocket.server.WsFilter.doFilter(WsFilter.java:51)
	at org.apache.catalina.core.ApplicationFilterChain.internalDoFilter(ApplicationFilterChain.java:178)
	at org.apache.catalina.core.ApplicationFilterChain.doFilter(ApplicationFilterChain.java:153)
	at org.springframework.web.filter.RequestContextFilter.doFilterInternal(RequestContextFilter.java:100)
	at org.springframework.web.filter.OncePerRequestFilter.doFilter(OncePerRequestFilter.java:117)
	at org.apache.catalina.core.ApplicationFilterChain.internalDoFilter(ApplicationFilterChain.java:178)
	at org.apache.catalina.core.ApplicationFilterChain.doFilter(ApplicationFilterChain.java:153)
	at org.springframework.web.filter.FormContentFilter.doFilterInternal(FormContentFilter.java:93)
	at org.springframework.web.filter.OncePerRequestFilter.doFilter(OncePerRequestFilter.java:117)
	at org.apache.catalina.core.ApplicationFilterChain.internalDoFilter(ApplicationFilterChain.java:178)
	at org.apache.catalina.core.ApplicationFilterChain.doFilter(ApplicationFilterChain.java:153)
	at javax.servlet.http.HttpFilter.doFilter(HttpFilter.java:85)
	at com.sx.visitorService.config.CorsFilter.doFilter(CorsFilter.java:60)
	at javax.servlet.http.HttpFilter.doFilter(HttpFilter.java:53)
	at org.apache.catalina.core.ApplicationFilterChain.internalDoFilter(ApplicationFilterChain.java:178)
	at org.apache.catalina.core.ApplicationFilterChain.doFilter(ApplicationFilterChain.java:153)
	at org.springframework.web.filter.CharacterEncodingFilter.doFilterInternal(CharacterEncodingFilter.java:201)
	at org.springframework.web.filter.OncePerRequestFilter.doFilter(OncePerRequestFilter.java:117)
	at org.apache.catalina.core.ApplicationFilterChain.internalDoFilter(ApplicationFilterChain.java:178)
	at org.apache.catalina.core.ApplicationFilterChain.doFilter(ApplicationFilterChain.java:153)
	at org.apache.catalina.core.StandardWrapperValve.invoke(StandardWrapperValve.java:167)
	at org.apache.catalina.core.StandardContextValve.invoke(StandardContextValve.java:90)
	at org.apache.catalina.authenticator.AuthenticatorBase.invoke(AuthenticatorBase.java:481)
	at org.apache.catalina.core.StandardHostValve.invoke(StandardHostValve.java:130)
	at org.apache.catalina.valves.ErrorReportValve.invoke(ErrorReportValve.java:93)
	at org.apache.catalina.core.StandardEngineValve.invoke(StandardEngineValve.java:74)
	at org.apache.catalina.connector.CoyoteAdapter.service(CoyoteAdapter.java:343)
	at org.apache.coyote.http11.Http11Processor.service(Http11Processor.java:390)
	at org.apache.coyote.AbstractProcessorLight.process(AbstractProcessorLight.java:63)
	at org.apache.coyote.AbstractProtocol$ConnectionHandler.process(AbstractProtocol.java:926)
	at org.apache.tomcat.util.net.NioEndpoint$SocketProcessor.doRun(NioEndpoint.java:1791)
	at org.apache.tomcat.util.net.SocketProcessorBase.run(SocketProcessorBase.java:52)
	at org.apache.tomcat.util.threads.ThreadPoolExecutor.runWorker(ThreadPoolExecutor.java:1191)
	at org.apache.tomcat.util.threads.ThreadPoolExecutor$Worker.run(ThreadPoolExecutor.java:659)
	at org.apache.tomcat.util.threads.TaskThread$WrappingRunnable.run(TaskThread.java:61)
	at java.lang.Thread.run(Thread.java:750)
